<?xml version="1.0" encoding="utf-8"?>
<CoverageSession xmlns:xsd="http://www.w3.org/2001/XMLSchema" xmlns:xsi="http://www.w3.org/2001/XMLSchema-instance">
  <Summary numSequencePoints="44" visitedSequencePoints="44" numBranchPoints="28" visitedBranchPoints="28" sequenceCoverage="100" branchCoverage="100" maxCyclomaticComplexity="12" minCyclomaticComplexity="1" visitedClasses="2" numClasses="2" visitedMethods="9" numMethods="9" />
  <Modules>
    <Module skippedDueTo="Filter" hash="7F-4E-EA-3B-6F-54-D3-91-5E-FE-62-68-9E-42-98-12-3C-7D-D8-12">
      <ModulePath>C:\WINDOWS\Microsoft.Net\assembly\GAC_64\mscorlib\v4.0_4.0.0.0__b77a5c561934e089\mscorlib.dll</ModulePath>
      <ModuleTime>2016-07-16T11:43:57.1242712Z</ModuleTime>
      <ModuleName>mscorlib</ModuleName>
      <Classes />
    </Module>
    <Module skippedDueTo="Filter" hash="C9-73-ED-04-00-C6-51-60-27-F2-A0-0B-90-05-B8-86-6E-DB-6B-00">
      <ModulePath>C:\Users\Tony\Documents\Visual Studio 2015\Projects\ModelGenerator\packages\xunit.runner.console.2.1.0\tools\xunit.console.exe</ModulePath>
      <ModuleTime>2015-09-27T09:34:28Z</ModuleTime>
      <ModuleName>xunit.console</ModuleName>
      <Classes />
    </Module>
    <Module skippedDueTo="Filter" hash="2C-BE-1B-C3-02-35-ED-A0-CC-7C-AB-BA-F1-C5-8D-DE-79-03-01-9A">
      <ModulePath>C:\Users\Tony\Documents\Visual Studio 2015\Projects\ModelGenerator\packages\xunit.runner.console.2.1.0\tools\xunit.runner.utility.desktop.dll</ModulePath>
      <ModuleTime>2015-09-27T09:34:28Z</ModuleTime>
      <ModuleName>xunit.runner.utility.desktop</ModuleName>
      <Classes />
    </Module>
    <Module skippedDueTo="Filter" hash="9E-A9-5D-7F-86-82-4D-02-7D-07-AD-C0-17-06-5D-73-8F-1F-28-44">
      <ModulePath>C:\Users\Tony\Documents\Visual Studio 2015\Projects\ModelGenerator\packages\xunit.runner.console.2.1.0\tools\xunit.abstractions.dll</ModulePath>
      <ModuleTime>2015-09-27T09:34:28Z</ModuleTime>
      <ModuleName>xunit.abstractions</ModuleName>
      <Classes />
    </Module>
    <Module skippedDueTo="Filter" hash="E5-DE-BE-E6-36-3A-18-9D-19-75-10-62-04-4B-5A-43-5C-48-C4-34">
      <ModulePath>C:\WINDOWS\Microsoft.Net\assembly\GAC_MSIL\System.Core\v4.0_4.0.0.0__b77a5c561934e089\System.Core.dll</ModulePath>
      <ModuleTime>2016-07-16T11:43:57.1711464Z</ModuleTime>
      <ModuleName>System.Core</ModuleName>
      <Classes />
    </Module>
    <Module skippedDueTo="Filter" hash="AA-84-EA-4A-FD-23-17-44-E5-3B-73-2A-3D-B6-0E-17-EE-E1-53-6A">
      <ModulePath>C:\Users\Tony\Documents\Visual Studio 2015\Projects\ModelGenerator\packages\xunit.runner.console.2.1.0\tools\xunit.runner.reporters.desktop.dll</ModulePath>
      <ModuleTime>2015-09-27T09:34:28Z</ModuleTime>
      <ModuleName>xunit.runner.reporters.desktop</ModuleName>
      <Classes />
    </Module>
    <Module skippedDueTo="Filter" hash="10-57-A7-EF-79-9A-41-A9-99-64-D8-4D-FD-F3-F2-D8-DF-89-08-EC">
      <ModulePath>C:\WINDOWS\Microsoft.Net\assembly\GAC_MSIL\System.Net.Http\v4.0_4.0.0.0__b03f5f7f11d50a3a\System.Net.Http.dll</ModulePath>
      <ModuleTime>2016-07-16T11:43:55.5773993Z</ModuleTime>
      <ModuleName>System.Net.Http</ModuleName>
      <Classes />
    </Module>
    <Module skippedDueTo="Filter" hash="2F-06-CB-9E-45-EB-3F-7A-7A-0E-09-BA-75-25-0C-EF-AA-90-8E-2B">
      <ModulePath>C:\WINDOWS\Microsoft.Net\assembly\GAC_MSIL\System\v4.0_4.0.0.0__b77a5c561934e089\System.dll</ModulePath>
      <ModuleTime>2016-07-16T11:43:55.5461496Z</ModuleTime>
      <ModuleName>System</ModuleName>
      <Classes />
    </Module>
    <Module skippedDueTo="Filter" hash="55-AD-EE-D1-1C-53-49-75-E3-88-58-79-CF-B4-C2-5D-9B-C6-56-C1">
      <ModulePath>C:\WINDOWS\Microsoft.Net\assembly\GAC_64\System.Web\v4.0_4.0.0.0__b03f5f7f11d50a3a\System.Web.dll</ModulePath>
      <ModuleTime>2016-07-16T11:43:59.421142Z</ModuleTime>
      <ModuleName>System.Web</ModuleName>
      <Classes />
    </Module>
    <Module skippedDueTo="Filter" hash="34-A3-5D-67-8E-E7-DB-60-FE-97-F3-BD-D4-E7-40-6B-00-DA-51-C8">
      <ModulePath>C:\WINDOWS\Microsoft.Net\assembly\GAC_MSIL\System.Configuration\v4.0_4.0.0.0__b03f5f7f11d50a3a\System.Configuration.dll</ModulePath>
      <ModuleTime>2016-07-16T11:43:53.9992781Z</ModuleTime>
      <ModuleName>System.Configuration</ModuleName>
      <Classes />
    </Module>
    <Module skippedDueTo="Filter" hash="88-45-F0-9C-3C-9F-72-79-CB-6A-82-FA-D7-DB-C3-4A-59-80-3C-6B">
      <ModulePath>C:\WINDOWS\Microsoft.Net\assembly\GAC_MSIL\System.Xml\v4.0_4.0.0.0__b77a5c561934e089\System.Xml.dll</ModulePath>
      <ModuleTime>2016-07-16T11:43:55.4992744Z</ModuleTime>
      <ModuleName>System.Xml</ModuleName>
      <Classes />
    </Module>
    <Module skippedDueTo="Filter" hash="83-29-FE-C7-E7-7A-90-21-8F-92-A4-B2-93-EC-A9-9B-7E-10-7C-E5">
      <ModulePath>C:\WINDOWS\Microsoft.Net\assembly\GAC_MSIL\System.Xml.Linq\v4.0_4.0.0.0__b77a5c561934e089\System.Xml.Linq.dll</ModulePath>
      <ModuleTime>2016-07-16T11:43:57.0930219Z</ModuleTime>
      <ModuleName>System.Xml.Linq</ModuleName>
      <Classes />
    </Module>
    <Module skippedDueTo="Filter" hash="2C-BE-1B-C3-02-35-ED-A0-CC-7C-AB-BA-F1-C5-8D-DE-79-03-01-9A">
      <ModulePath>C:\Users\Tony\AppData\Local\Temp\5ae08ccd-9b19-4066-9e47-d30cdedbf63d\5ae08ccd-9b19-4066-9e47-d30cdedbf63d\assembly\dl3\ef340f7d\00aa5fb4_07f9d001\xunit.runner.utility.desktop.dll</ModulePath>
      <ModuleTime>2017-02-07T20:37:03.707531Z</ModuleTime>
      <ModuleName>xunit.runner.utility.desktop</ModuleName>
      <Classes />
    </Module>
    <Module skippedDueTo="Filter" hash="E5-DE-BE-E6-36-3A-18-9D-19-75-10-62-04-4B-5A-43-5C-48-C4-34">
      <ModulePath>C:\WINDOWS\Microsoft.Net\assembly\GAC_MSIL\System.Core\v4.0_4.0.0.0__b77a5c561934e089\System.Core.dll</ModulePath>
      <ModuleTime>2016-07-16T11:43:57.1711464Z</ModuleTime>
      <ModuleName>System.Core</ModuleName>
      <Classes />
    </Module>
    <Module skippedDueTo="Filter" hash="2F-06-CB-9E-45-EB-3F-7A-7A-0E-09-BA-75-25-0C-EF-AA-90-8E-2B">
      <ModulePath>C:\WINDOWS\Microsoft.Net\assembly\GAC_MSIL\System\v4.0_4.0.0.0__b77a5c561934e089\System.dll</ModulePath>
      <ModuleTime>2016-07-16T11:43:55.5461496Z</ModuleTime>
      <ModuleName>System</ModuleName>
      <Classes />
    </Module>
    <Module skippedDueTo="Filter" hash="">
      <ModulePath>RefEmit_InMemoryManifestModule</ModulePath>
      <ModuleTime>0001-01-01T00:00:00</ModuleTime>
      <ModuleName>Anonymously Hosted DynamicMethods Assembly</ModuleName>
      <Classes />
    </Module>
    <Module skippedDueTo="Filter" hash="FE-F3-68-00-12-D0-9F-66-2B-EA-80-BB-F5-12-2A-55-C1-A2-88-9A">
      <ModulePath>C:\Users\Tony\Documents\Visual Studio 2015\Projects\ModelGenerator\ModelGenerator.Tests\bin\Debug\ModelGenerator.Tests.dll</ModulePath>
      <ModuleTime>2017-02-07T20:34:54.2574433Z</ModuleTime>
      <ModuleName>ModelGenerator.Tests</ModuleName>
      <Classes />
    </Module>
    <Module skippedDueTo="Filter" hash="51-60-07-3A-41-C0-01-C6-0C-80-56-7D-83-63-89-31-36-5F-A9-FE">
      <ModulePath>C:\Users\Tony\Documents\Visual Studio 2015\Projects\ModelGenerator\ModelGenerator.Tests\bin\Debug\xunit.execution.desktop.dll</ModulePath>
      <ModuleTime>2015-09-27T09:34:28Z</ModuleTime>
      <ModuleName>xunit.execution.desktop</ModuleName>
      <Classes />
    </Module>
    <Module skippedDueTo="Filter" hash="9E-A9-5D-7F-86-82-4D-02-7D-07-AD-C0-17-06-5D-73-8F-1F-28-44">
      <ModulePath>C:\Users\Tony\Documents\Visual Studio 2015\Projects\ModelGenerator\ModelGenerator.Tests\bin\Debug\xunit.abstractions.dll</ModulePath>
      <ModuleTime>2015-09-27T09:45:42Z</ModuleTime>
      <ModuleName>xunit.abstractions</ModuleName>
      <Classes />
    </Module>
    <Module skippedDueTo="Filter" hash="2F-06-CB-9E-45-EB-3F-7A-7A-0E-09-BA-75-25-0C-EF-AA-90-8E-2B">
      <ModulePath>C:\WINDOWS\Microsoft.Net\assembly\GAC_MSIL\System\v4.0_4.0.0.0__b77a5c561934e089\System.dll</ModulePath>
      <ModuleTime>2016-07-16T11:43:55.5461496Z</ModuleTime>
      <ModuleName>System</ModuleName>
      <Classes />
    </Module>
    <Module skippedDueTo="Filter" hash="FE-F3-68-00-12-D0-9F-66-2B-EA-80-BB-F5-12-2A-55-C1-A2-88-9A">
      <ModulePath>C:\Users\Tony\Documents\Visual Studio 2015\Projects\ModelGenerator\ModelGenerator.Tests\bin\Debug\ModelGenerator.Tests.dll</ModulePath>
      <ModuleTime>2017-02-07T20:34:54.2574433Z</ModuleTime>
      <ModuleName>ModelGenerator.Tests</ModuleName>
      <Classes />
    </Module>
    <Module skippedDueTo="Filter" hash="2C-BE-1B-C3-02-35-ED-A0-CC-7C-AB-BA-F1-C5-8D-DE-79-03-01-9A">
      <ModulePath>C:\Users\Tony\Documents\Visual Studio 2015\Projects\ModelGenerator\ModelGenerator.Tests\bin\Debug\xunit.runner.utility.desktop.dll</ModulePath>
      <ModuleTime>2015-09-27T09:45:42Z</ModuleTime>
      <ModuleName>xunit.runner.utility.desktop</ModuleName>
      <Classes />
    </Module>
    <Module skippedDueTo="Filter" hash="9F-06-B1-CA-CB-A0-C1-4D-45-F5-AA-8F-72-C0-DF-0F-F4-EF-29-CF">
      <ModulePath>C:\Users\Tony\Documents\Visual Studio 2015\Projects\ModelGenerator\ModelGenerator.Tests\bin\Debug\xunit.core.dll</ModulePath>
      <ModuleTime>2015-09-27T09:34:26Z</ModuleTime>
      <ModuleName>xunit.core</ModuleName>
      <Classes />
    </Module>
    <Module skippedDueTo="Filter" hash="E5-DE-BE-E6-36-3A-18-9D-19-75-10-62-04-4B-5A-43-5C-48-C4-34">
      <ModulePath>C:\WINDOWS\Microsoft.Net\assembly\GAC_MSIL\System.Core\v4.0_4.0.0.0__b77a5c561934e089\System.Core.dll</ModulePath>
      <ModuleTime>2016-07-16T11:43:57.1711464Z</ModuleTime>
      <ModuleName>System.Core</ModuleName>
      <Classes />
    </Module>
    <Module skippedDueTo="Filter" hash="80-F1-27-EE-EC-CF-73-80-64-F1-24-F4-EB-2A-0A-95-BF-DA-78-B6">
      <ModulePath>C:\WINDOWS\Microsoft.Net\assembly\GAC_MSIL\System.Runtime\v4.0_4.0.0.0__b03f5f7f11d50a3a\System.Runtime.dll</ModulePath>
      <ModuleTime>2016-07-16T11:43:55.5773993Z</ModuleTime>
      <ModuleName>System.Runtime</ModuleName>
      <Classes />
    </Module>
    <Module skippedDueTo="Filter" hash="FB-A8-28-7E-D3-81-DD-16-9A-F4-F7-07-E9-F1-48-3B-6D-E4-C2-4E">
      <ModulePath>C:\WINDOWS\Microsoft.Net\assembly\GAC_MSIL\System.Threading.Tasks\v4.0_4.0.0.0__b03f5f7f11d50a3a\System.Threading.Tasks.dll</ModulePath>
      <ModuleTime>2016-07-16T11:43:53.8586529Z</ModuleTime>
      <ModuleName>System.Threading.Tasks</ModuleName>
      <Classes />
    </Module>
    <Module hash="94-1E-4C-48-3F-67-9E-BB-7C-E0-42-FD-DB-35-64-C3-1C-B7-9F-D9">
      <Summary numSequencePoints="44" visitedSequencePoints="44" numBranchPoints="28" visitedBranchPoints="28" sequenceCoverage="100" branchCoverage="100" maxCyclomaticComplexity="12" minCyclomaticComplexity="1" visitedClasses="2" numClasses="2" visitedMethods="9" numMethods="9" />
      <ModulePath>C:\Users\Tony\Documents\Visual Studio 2015\Projects\ModelGenerator\ModelGenerator.Tests\bin\Debug\ModelGenerator.dll</ModulePath>
      <ModuleTime>2017-02-07T20:34:54.0168103Z</ModuleTime>
      <ModuleName>ModelGenerator</ModuleName>
      <Files>
        <File uid="1" fullPath="C:\Users\Tony\documents\visual studio 2015\Projects\ModelGenerator\ModelGenerator\Model\Model.cs" />
        <File uid="4" fullPath="C:\Users\Tony\documents\visual studio 2015\Projects\ModelGenerator\ModelGenerator\Generator\PropertiesGenerator.cs" />
      </Files>
      <Classes>
        <Class>
          <Summary numSequencePoints="0" visitedSequencePoints="0" numBranchPoints="0" visitedBranchPoints="0" sequenceCoverage="0" branchCoverage="0" maxCyclomaticComplexity="0" minCyclomaticComplexity="0" visitedClasses="0" numClasses="0" visitedMethods="0" numMethods="0" />
          <FullName>&lt;Module&gt;</FullName>
          <Methods />
        </Class>
        <Class>
          <Summary numSequencePoints="0" visitedSequencePoints="0" numBranchPoints="0" visitedBranchPoints="0" sequenceCoverage="0" branchCoverage="0" maxCyclomaticComplexity="1" minCyclomaticComplexity="1" visitedClasses="0" numClasses="0" visitedMethods="0" numMethods="0" />
          <FullName>ModelGenerator.Model.Model</FullName>
          <Methods>
            <Method skippedDueTo="AutoImplementedProperty" visited="false" cyclomaticComplexity="1" nPathComplexity="0" sequenceCoverage="0" branchCoverage="0" isConstructor="false" isStatic="false" isGetter="true" isSetter="false">
              <MetadataToken>100663297</MetadataToken>
              <Name>System.Boolean ModelGenerator.Model.Model::get_GenerateCreateModel()</Name>
              <FileRef uid="1" />
              <SequencePoints />
              <BranchPoints />
            </Method>
            <Method skippedDueTo="AutoImplementedProperty" visited="false" cyclomaticComplexity="1" nPathComplexity="0" sequenceCoverage="0" branchCoverage="0" isConstructor="false" isStatic="false" isGetter="false" isSetter="true">
              <MetadataToken>100663298</MetadataToken>
              <Name>System.Void ModelGenerator.Model.Model::set_GenerateCreateModel(System.Boolean)</Name>
              <FileRef uid="1" />
              <SequencePoints />
              <BranchPoints />
            </Method>
            <Method skippedDueTo="AutoImplementedProperty" visited="false" cyclomaticComplexity="1" nPathComplexity="0" sequenceCoverage="0" branchCoverage="0" isConstructor="false" isStatic="false" isGetter="true" isSetter="false">
              <MetadataToken>100663299</MetadataToken>
              <Name>System.Boolean ModelGenerator.Model.Model::get_GenerateDetailModel()</Name>
              <FileRef uid="1" />
              <SequencePoints />
              <BranchPoints />
            </Method>
            <Method skippedDueTo="AutoImplementedProperty" visited="false" cyclomaticComplexity="1" nPathComplexity="0" sequenceCoverage="0" branchCoverage="0" isConstructor="false" isStatic="false" isGetter="false" isSetter="true">
              <MetadataToken>100663300</MetadataToken>
              <Name>System.Void ModelGenerator.Model.Model::set_GenerateDetailModel(System.Boolean)</Name>
              <FileRef uid="1" />
              <SequencePoints />
              <BranchPoints />
            </Method>
            <Method skippedDueTo="AutoImplementedProperty" visited="false" cyclomaticComplexity="1" nPathComplexity="0" sequenceCoverage="0" branchCoverage="0" isConstructor="false" isStatic="false" isGetter="true" isSetter="false">
              <MetadataToken>100663301</MetadataToken>
              <Name>System.Boolean ModelGenerator.Model.Model::get_GenerateSummaryModel()</Name>
              <FileRef uid="1" />
              <SequencePoints />
              <BranchPoints />
            </Method>
            <Method skippedDueTo="AutoImplementedProperty" visited="false" cyclomaticComplexity="1" nPathComplexity="0" sequenceCoverage="0" branchCoverage="0" isConstructor="false" isStatic="false" isGetter="false" isSetter="true">
              <MetadataToken>100663302</MetadataToken>
              <Name>System.Void ModelGenerator.Model.Model::set_GenerateSummaryModel(System.Boolean)</Name>
              <FileRef uid="1" />
              <SequencePoints />
              <BranchPoints />
            </Method>
            <Method skippedDueTo="AutoImplementedProperty" visited="false" cyclomaticComplexity="1" nPathComplexity="0" sequenceCoverage="0" branchCoverage="0" isConstructor="false" isStatic="false" isGetter="true" isSetter="false">
              <MetadataToken>100663303</MetadataToken>
              <Name>System.Boolean ModelGenerator.Model.Model::get_GenerateUpdateModel()</Name>
              <FileRef uid="1" />
              <SequencePoints />
              <BranchPoints />
            </Method>
            <Method skippedDueTo="AutoImplementedProperty" visited="false" cyclomaticComplexity="1" nPathComplexity="0" sequenceCoverage="0" branchCoverage="0" isConstructor="false" isStatic="false" isGetter="false" isSetter="true">
              <MetadataToken>100663304</MetadataToken>
              <Name>System.Void ModelGenerator.Model.Model::set_GenerateUpdateModel(System.Boolean)</Name>
              <FileRef uid="1" />
              <SequencePoints />
              <BranchPoints />
            </Method>
            <Method skippedDueTo="AutoImplementedProperty" visited="false" cyclomaticComplexity="1" nPathComplexity="0" sequenceCoverage="0" branchCoverage="0" isConstructor="false" isStatic="false" isGetter="true" isSetter="false">
              <MetadataToken>100663305</MetadataToken>
              <Name>System.String ModelGenerator.Model.Model::get_Name()</Name>
              <FileRef uid="1" />
              <SequencePoints />
              <BranchPoints />
            </Method>
            <Method skippedDueTo="AutoImplementedProperty" visited="false" cyclomaticComplexity="1" nPathComplexity="0" sequenceCoverage="0" branchCoverage="0" isConstructor="false" isStatic="false" isGetter="false" isSetter="true">
              <MetadataToken>100663306</MetadataToken>
              <Name>System.Void ModelGenerator.Model.Model::set_Name(System.String)</Name>
              <FileRef uid="1" />
              <SequencePoints />
              <BranchPoints />
            </Method>
            <Method skippedDueTo="AutoImplementedProperty" visited="false" cyclomaticComplexity="1" nPathComplexity="0" sequenceCoverage="0" branchCoverage="0" isConstructor="false" isStatic="false" isGetter="true" isSetter="false">
              <MetadataToken>100663307</MetadataToken>
              <Name>System.Collections.Generic.List`1&lt;ModelGenerator.Model.Property&gt; ModelGenerator.Model.Model::get_Properties()</Name>
              <FileRef uid="1" />
              <SequencePoints />
              <BranchPoints />
            </Method>
            <Method skippedDueTo="AutoImplementedProperty" visited="false" cyclomaticComplexity="1" nPathComplexity="0" sequenceCoverage="0" branchCoverage="0" isConstructor="false" isStatic="false" isGetter="false" isSetter="true">
              <MetadataToken>100663308</MetadataToken>
              <Name>System.Void ModelGenerator.Model.Model::set_Properties(System.Collections.Generic.List`1&lt;ModelGenerator.Model.Property&gt;)</Name>
              <FileRef uid="1" />
              <SequencePoints />
              <BranchPoints />
            </Method>
            <Method visited="true" cyclomaticComplexity="1" nPathComplexity="0" sequenceCoverage="0" branchCoverage="0" isConstructor="true" isStatic="false" isGetter="false" isSetter="false">
              <Summary numSequencePoints="0" visitedSequencePoints="0" numBranchPoints="0" visitedBranchPoints="0" sequenceCoverage="0" branchCoverage="0" maxCyclomaticComplexity="1" minCyclomaticComplexity="1" visitedClasses="0" numClasses="0" visitedMethods="0" numMethods="0" />
              <MetadataToken>100663309</MetadataToken>
              <Name>System.Void ModelGenerator.Model.Model::.ctor()</Name>
              <SequencePoints />
              <BranchPoints />
              <MethodPoint vc="1" uspid="1" ordinal="0" offset="0" />
            </Method>
          </Methods>
        </Class>
        <Class>
          <Summary numSequencePoints="0" visitedSequencePoints="0" numBranchPoints="0" visitedBranchPoints="0" sequenceCoverage="0" branchCoverage="0" maxCyclomaticComplexity="1" minCyclomaticComplexity="1" visitedClasses="0" numClasses="0" visitedMethods="0" numMethods="0" />
          <FullName>ModelGenerator.Model.Models</FullName>
          <Methods>
            <Method skippedDueTo="AutoImplementedProperty" visited="false" cyclomaticComplexity="1" nPathComplexity="0" sequenceCoverage="0" branchCoverage="0" isConstructor="false" isStatic="false" isGetter="true" isSetter="false">
              <MetadataToken>100663310</MetadataToken>
              <Name>System.Collections.Generic.List`1&lt;ModelGenerator.Model.Model&gt; ModelGenerator.Model.Models::get_Items()</Name>
              <FileRef uid="1" />
              <SequencePoints />
              <BranchPoints />
            </Method>
            <Method skippedDueTo="AutoImplementedProperty" visited="false" cyclomaticComplexity="1" nPathComplexity="0" sequenceCoverage="0" branchCoverage="0" isConstructor="false" isStatic="false" isGetter="false" isSetter="true">
              <MetadataToken>100663311</MetadataToken>
              <Name>System.Void ModelGenerator.Model.Models::set_Items(System.Collections.Generic.List`1&lt;ModelGenerator.Model.Model&gt;)</Name>
              <FileRef uid="1" />
              <SequencePoints />
              <BranchPoints />
            </Method>
            <Method visited="true" cyclomaticComplexity="1" nPathComplexity="0" sequenceCoverage="0" branchCoverage="0" isConstructor="true" isStatic="false" isGetter="false" isSetter="false">
              <Summary numSequencePoints="0" visitedSequencePoints="0" numBranchPoints="0" visitedBranchPoints="0" sequenceCoverage="0" branchCoverage="0" maxCyclomaticComplexity="1" minCyclomaticComplexity="1" visitedClasses="0" numClasses="0" visitedMethods="0" numMethods="0" />
              <MetadataToken>100663312</MetadataToken>
              <Name>System.Void ModelGenerator.Model.Models::.ctor()</Name>
              <SequencePoints />
              <BranchPoints />
              <MethodPoint vc="1" uspid="2" ordinal="0" offset="0" />
            </Method>
          </Methods>
        </Class>
        <Class>
          <Summary numSequencePoints="0" visitedSequencePoints="0" numBranchPoints="0" visitedBranchPoints="0" sequenceCoverage="0" branchCoverage="0" maxCyclomaticComplexity="1" minCyclomaticComplexity="1" visitedClasses="0" numClasses="0" visitedMethods="0" numMethods="0" />
          <FullName>ModelGenerator.Model.Property</FullName>
          <Methods>
            <Method skippedDueTo="AutoImplementedProperty" visited="false" cyclomaticComplexity="1" nPathComplexity="0" sequenceCoverage="0" branchCoverage="0" isConstructor="false" isStatic="false" isGetter="true" isSetter="false">
              <MetadataToken>100663313</MetadataToken>
              <Name>System.String ModelGenerator.Model.Property::get_DisplayName()</Name>
              <FileRef uid="1" />
              <SequencePoints />
              <BranchPoints />
            </Method>
            <Method skippedDueTo="AutoImplementedProperty" visited="false" cyclomaticComplexity="1" nPathComplexity="0" sequenceCoverage="0" branchCoverage="0" isConstructor="false" isStatic="false" isGetter="false" isSetter="true">
              <MetadataToken>100663314</MetadataToken>
              <Name>System.Void ModelGenerator.Model.Property::set_DisplayName(System.String)</Name>
              <FileRef uid="1" />
              <SequencePoints />
              <BranchPoints />
            </Method>
            <Method skippedDueTo="AutoImplementedProperty" visited="false" cyclomaticComplexity="1" nPathComplexity="0" sequenceCoverage="0" branchCoverage="0" isConstructor="false" isStatic="false" isGetter="true" isSetter="false">
              <MetadataToken>100663315</MetadataToken>
              <Name>System.Boolean ModelGenerator.Model.Property::get_GenerateAsList()</Name>
              <FileRef uid="1" />
              <SequencePoints />
              <BranchPoints />
            </Method>
            <Method skippedDueTo="AutoImplementedProperty" visited="false" cyclomaticComplexity="1" nPathComplexity="0" sequenceCoverage="0" branchCoverage="0" isConstructor="false" isStatic="false" isGetter="false" isSetter="true">
              <MetadataToken>100663316</MetadataToken>
              <Name>System.Void ModelGenerator.Model.Property::set_GenerateAsList(System.Boolean)</Name>
              <FileRef uid="1" />
              <SequencePoints />
              <BranchPoints />
            </Method>
            <Method skippedDueTo="AutoImplementedProperty" visited="false" cyclomaticComplexity="1" nPathComplexity="0" sequenceCoverage="0" branchCoverage="0" isConstructor="false" isStatic="false" isGetter="true" isSetter="false">
              <MetadataToken>100663317</MetadataToken>
              <Name>System.Boolean ModelGenerator.Model.Property::get_IncludeInCreate()</Name>
              <FileRef uid="1" />
              <SequencePoints />
              <BranchPoints />
            </Method>
            <Method skippedDueTo="AutoImplementedProperty" visited="false" cyclomaticComplexity="1" nPathComplexity="0" sequenceCoverage="0" branchCoverage="0" isConstructor="false" isStatic="false" isGetter="false" isSetter="true">
              <MetadataToken>100663318</MetadataToken>
              <Name>System.Void ModelGenerator.Model.Property::set_IncludeInCreate(System.Boolean)</Name>
              <FileRef uid="1" />
              <SequencePoints />
              <BranchPoints />
            </Method>
            <Method skippedDueTo="AutoImplementedProperty" visited="false" cyclomaticComplexity="1" nPathComplexity="0" sequenceCoverage="0" branchCoverage="0" isConstructor="false" isStatic="false" isGetter="true" isSetter="false">
              <MetadataToken>100663319</MetadataToken>
              <Name>System.Boolean ModelGenerator.Model.Property::get_IncludeInDetail()</Name>
              <FileRef uid="1" />
              <SequencePoints />
              <BranchPoints />
            </Method>
            <Method skippedDueTo="AutoImplementedProperty" visited="false" cyclomaticComplexity="1" nPathComplexity="0" sequenceCoverage="0" branchCoverage="0" isConstructor="false" isStatic="false" isGetter="false" isSetter="true">
              <MetadataToken>100663320</MetadataToken>
              <Name>System.Void ModelGenerator.Model.Property::set_IncludeInDetail(System.Boolean)</Name>
              <FileRef uid="1" />
              <SequencePoints />
              <BranchPoints />
            </Method>
            <Method skippedDueTo="AutoImplementedProperty" visited="false" cyclomaticComplexity="1" nPathComplexity="0" sequenceCoverage="0" branchCoverage="0" isConstructor="false" isStatic="false" isGetter="true" isSetter="false">
              <MetadataToken>100663321</MetadataToken>
              <Name>System.Boolean ModelGenerator.Model.Property::get_IncludeInSummary()</Name>
              <FileRef uid="1" />
              <SequencePoints />
              <BranchPoints />
            </Method>
            <Method skippedDueTo="AutoImplementedProperty" visited="false" cyclomaticComplexity="1" nPathComplexity="0" sequenceCoverage="0" branchCoverage="0" isConstructor="false" isStatic="false" isGetter="false" isSetter="true">
              <MetadataToken>100663322</MetadataToken>
              <Name>System.Void ModelGenerator.Model.Property::set_IncludeInSummary(System.Boolean)</Name>
              <FileRef uid="1" />
              <SequencePoints />
              <BranchPoints />
            </Method>
            <Method skippedDueTo="AutoImplementedProperty" visited="false" cyclomaticComplexity="1" nPathComplexity="0" sequenceCoverage="0" branchCoverage="0" isConstructor="false" isStatic="false" isGetter="true" isSetter="false">
              <MetadataToken>100663323</MetadataToken>
              <Name>System.Boolean ModelGenerator.Model.Property::get_IncludeInUpdate()</Name>
              <FileRef uid="1" />
              <SequencePoints />
              <BranchPoints />
            </Method>
            <Method skippedDueTo="AutoImplementedProperty" visited="false" cyclomaticComplexity="1" nPathComplexity="0" sequenceCoverage="0" branchCoverage="0" isConstructor="false" isStatic="false" isGetter="false" isSetter="true">
              <MetadataToken>100663324</MetadataToken>
              <Name>System.Void ModelGenerator.Model.Property::set_IncludeInUpdate(System.Boolean)</Name>
              <FileRef uid="1" />
              <SequencePoints />
              <BranchPoints />
            </Method>
            <Method skippedDueTo="AutoImplementedProperty" visited="false" cyclomaticComplexity="1" nPathComplexity="0" sequenceCoverage="0" branchCoverage="0" isConstructor="false" isStatic="false" isGetter="true" isSetter="false">
              <MetadataToken>100663325</MetadataToken>
              <Name>System.String ModelGenerator.Model.Property::get_Name()</Name>
              <FileRef uid="1" />
              <SequencePoints />
              <BranchPoints />
            </Method>
            <Method skippedDueTo="AutoImplementedProperty" visited="false" cyclomaticComplexity="1" nPathComplexity="0" sequenceCoverage="0" branchCoverage="0" isConstructor="false" isStatic="false" isGetter="false" isSetter="true">
              <MetadataToken>100663326</MetadataToken>
              <Name>System.Void ModelGenerator.Model.Property::set_Name(System.String)</Name>
              <FileRef uid="1" />
              <SequencePoints />
              <BranchPoints />
            </Method>
            <Method skippedDueTo="AutoImplementedProperty" visited="false" cyclomaticComplexity="1" nPathComplexity="0" sequenceCoverage="0" branchCoverage="0" isConstructor="false" isStatic="false" isGetter="true" isSetter="false">
              <MetadataToken>100663327</MetadataToken>
              <Name>System.Boolean ModelGenerator.Model.Property::get_PropertyRequired()</Name>
              <FileRef uid="1" />
              <SequencePoints />
              <BranchPoints />
            </Method>
            <Method skippedDueTo="AutoImplementedProperty" visited="false" cyclomaticComplexity="1" nPathComplexity="0" sequenceCoverage="0" branchCoverage="0" isConstructor="false" isStatic="false" isGetter="false" isSetter="true">
              <MetadataToken>100663328</MetadataToken>
              <Name>System.Void ModelGenerator.Model.Property::set_PropertyRequired(System.Boolean)</Name>
              <FileRef uid="1" />
              <SequencePoints />
              <BranchPoints />
            </Method>
            <Method skippedDueTo="AutoImplementedProperty" visited="false" cyclomaticComplexity="1" nPathComplexity="0" sequenceCoverage="0" branchCoverage="0" isConstructor="false" isStatic="false" isGetter="true" isSetter="false">
              <MetadataToken>100663329</MetadataToken>
              <Name>System.String ModelGenerator.Model.Property::get_Type()</Name>
              <FileRef uid="1" />
              <SequencePoints />
              <BranchPoints />
            </Method>
            <Method skippedDueTo="AutoImplementedProperty" visited="false" cyclomaticComplexity="1" nPathComplexity="0" sequenceCoverage="0" branchCoverage="0" isConstructor="false" isStatic="false" isGetter="false" isSetter="true">
              <MetadataToken>100663330</MetadataToken>
              <Name>System.Void ModelGenerator.Model.Property::set_Type(System.String)</Name>
              <FileRef uid="1" />
              <SequencePoints />
              <BranchPoints />
            </Method>
            <Method skippedDueTo="AutoImplementedProperty" visited="false" cyclomaticComplexity="1" nPathComplexity="0" sequenceCoverage="0" branchCoverage="0" isConstructor="false" isStatic="false" isGetter="true" isSetter="false">
              <MetadataToken>100663331</MetadataToken>
              <Name>System.Boolean ModelGenerator.Model.Property::get_ValidateAsEmail()</Name>
              <FileRef uid="1" />
              <SequencePoints />
              <BranchPoints />
            </Method>
            <Method skippedDueTo="AutoImplementedProperty" visited="false" cyclomaticComplexity="1" nPathComplexity="0" sequenceCoverage="0" branchCoverage="0" isConstructor="false" isStatic="false" isGetter="false" isSetter="true">
              <MetadataToken>100663332</MetadataToken>
              <Name>System.Void ModelGenerator.Model.Property::set_ValidateAsEmail(System.Boolean)</Name>
              <FileRef uid="1" />
              <SequencePoints />
              <BranchPoints />
            </Method>
            <Method visited="true" cyclomaticComplexity="1" nPathComplexity="0" sequenceCoverage="0" branchCoverage="0" isConstructor="true" isStatic="false" isGetter="false" isSetter="false">
              <Summary numSequencePoints="0" visitedSequencePoints="0" numBranchPoints="0" visitedBranchPoints="0" sequenceCoverage="0" branchCoverage="0" maxCyclomaticComplexity="1" minCyclomaticComplexity="1" visitedClasses="0" numClasses="0" visitedMethods="0" numMethods="0" />
              <MetadataToken>100663333</MetadataToken>
              <Name>System.Void ModelGenerator.Model.Property::.ctor()</Name>
              <SequencePoints />
              <BranchPoints />
              <MethodPoint vc="58" uspid="3" ordinal="0" offset="0" />
            </Method>
          </Methods>
        </Class>
        <Class>
          <Summary numSequencePoints="40" visitedSequencePoints="40" numBranchPoints="24" visitedBranchPoints="24" sequenceCoverage="100" branchCoverage="100" maxCyclomaticComplexity="12" minCyclomaticComplexity="1" visitedClasses="1" numClasses="1" visitedMethods="5" numMethods="5" />
          <FullName>ModelGenerator.Generator.PropertiesGenerator</FullName>
          <Methods>
            <Method visited="true" cyclomaticComplexity="1" nPathComplexity="0" sequenceCoverage="100" branchCoverage="100" isConstructor="false" isStatic="false" isGetter="true" isSetter="false">
              <Summary numSequencePoints="1" visitedSequencePoints="1" numBranchPoints="1" visitedBranchPoints="1" sequenceCoverage="100" branchCoverage="100" maxCyclomaticComplexity="1" minCyclomaticComplexity="1" visitedClasses="0" numClasses="0" visitedMethods="1" numMethods="1" />
              <MetadataToken>100663335</MetadataToken>
              <Name>System.Boolean ModelGenerator.Generator.PropertiesGenerator::get_IsClientSide()</Name>
              <FileRef uid="4" />
              <SequencePoints>
                <SequencePoint vc="6" uspid="4" ordinal="0" offset="0" sl="18" sc="38" el="18" ec="63" bec="0" bev="0" fileid="4" />
              </SequencePoints>
              <BranchPoints />
              <MethodPoint xsi:type="SequencePoint" vc="6" uspid="4" ordinal="0" offset="0" sl="18" sc="38" el="18" ec="63" bec="0" bev="0" fileid="4" />
            </Method>
            <Method visited="true" cyclomaticComplexity="3" nPathComplexity="0" sequenceCoverage="100" branchCoverage="100" isConstructor="false" isStatic="false" isGetter="true" isSetter="false">
              <Summary numSequencePoints="1" visitedSequencePoints="1" numBranchPoints="1" visitedBranchPoints="1" sequenceCoverage="100" branchCoverage="100" maxCyclomaticComplexity="3" minCyclomaticComplexity="3" visitedClasses="0" numClasses="0" visitedMethods="1" numMethods="1" />
              <MetadataToken>100663336</MetadataToken>
              <Name>System.Boolean ModelGenerator.Generator.PropertiesGenerator::get_IsReadOnlyMode()</Name>
              <FileRef uid="4" />
              <SequencePoints>
                <SequencePoint vc="10" uspid="5" ordinal="0" offset="0" sl="19" sc="40" el="19" ec="128" bec="0" bev="0" fileid="4" />
              </SequencePoints>
              <BranchPoints />
              <MethodPoint xsi:type="SequencePoint" vc="10" uspid="5" ordinal="0" offset="0" sl="19" sc="40" el="19" ec="128" bec="0" bev="0" fileid="4" />
            </Method>
            <Method visited="true" cyclomaticComplexity="1" nPathComplexity="0" sequenceCoverage="100" branchCoverage="100" isConstructor="true" isStatic="false" isGetter="false" isSetter="false">
              <Summary numSequencePoints="4" visitedSequencePoints="4" numBranchPoints="1" visitedBranchPoints="1" sequenceCoverage="100" branchCoverage="100" maxCyclomaticComplexity="1" minCyclomaticComplexity="1" visitedClasses="0" numClasses="0" visitedMethods="1" numMethods="1" />
              <MetadataToken>100663334</MetadataToken>
              <Name>System.Void ModelGenerator.Generator.PropertiesGenerator::.ctor(ModelGenerator.Model.OutputMode)</Name>
              <FileRef uid="4" />
              <SequencePoints>
                <SequencePoint vc="29" uspid="10" ordinal="0" offset="0" sl="13" sc="9" el="13" ec="52" bec="0" bev="0" fileid="4" />
                <SequencePoint vc="29" uspid="11" ordinal="1" offset="7" sl="14" sc="9" el="14" ec="10" bec="0" bev="0" fileid="4" />
                <SequencePoint vc="29" uspid="12" ordinal="2" offset="8" sl="15" sc="13" el="15" ec="26" bec="0" bev="0" fileid="4" />
                <SequencePoint vc="29" uspid="13" ordinal="3" offset="15" sl="16" sc="9" el="16" ec="10" bec="0" bev="0" fileid="4" />
              </SequencePoints>
              <BranchPoints />
              <MethodPoint xsi:type="SequencePoint" vc="29" uspid="10" ordinal="0" offset="0" sl="13" sc="9" el="13" ec="52" bec="0" bev="0" fileid="4" />
            </Method>
            <Method visited="true" cyclomaticComplexity="12" nPathComplexity="5" sequenceCoverage="100" branchCoverage="100" isConstructor="false" isStatic="false" isGetter="false" isSetter="false">
              <Summary numSequencePoints="19" visitedSequencePoints="19" numBranchPoints="6" visitedBranchPoints="6" sequenceCoverage="100" branchCoverage="100" maxCyclomaticComplexity="12" minCyclomaticComplexity="12" visitedClasses="0" numClasses="0" visitedMethods="1" numMethods="1" />
              <MetadataToken>100663337</MetadataToken>
              <Name>System.Void ModelGenerator.Generator.PropertiesGenerator::CreateProperties(System.Collections.Generic.IEnumerable`1&lt;ModelGenerator.Model.Property&gt;,System.Text.StringBuilder)</Name>
              <FileRef uid="4" />
              <SequencePoints>
                <SequencePoint vc="5" uspid="14" ordinal="0" offset="0" sl="22" sc="9" el="22" ec="10" bec="0" bev="0" fileid="4" />
                <SequencePoint vc="5" uspid="15" ordinal="1" offset="1" sl="23" sc="13" el="23" ec="67" bec="0" bev="0" fileid="4" />
                <SequencePoint vc="5" uspid="16" ordinal="2" offset="7" sl="25" sc="13" el="25" ec="27" bec="5" bev="5" fileid="4" />
                <SequencePoint vc="1" uspid="17" ordinal="3" offset="43" sl="28" sc="21" el="28" ec="83" bec="0" bev="0" fileid="4" />
                <SequencePoint vc="1" uspid="18" ordinal="4" offset="81" sl="29" sc="21" el="29" ec="27" bec="0" bev="0" fileid="4" />
                <SequencePoint vc="1" uspid="19" ordinal="5" offset="83" sl="32" sc="21" el="32" ec="84" bec="0" bev="0" fileid="4" />
                <SequencePoint vc="1" uspid="20" ordinal="6" offset="121" sl="33" sc="21" el="33" ec="27" bec="0" bev="0" fileid="4" />
                <SequencePoint vc="1" uspid="21" ordinal="7" offset="123" sl="36" sc="21" el="36" ec="83" bec="0" bev="0" fileid="4" />
                <SequencePoint vc="1" uspid="22" ordinal="8" offset="161" sl="37" sc="21" el="37" ec="27" bec="0" bev="0" fileid="4" />
                <SequencePoint vc="1" uspid="23" ordinal="9" offset="163" sl="40" sc="21" el="40" ec="83" bec="0" bev="0" fileid="4" />
                <SequencePoint vc="1" uspid="24" ordinal="10" offset="201" sl="41" sc="21" el="41" ec="27" bec="0" bev="0" fileid="4" />
                <SequencePoint vc="1" uspid="25" ordinal="11" offset="203" sl="44" sc="21" el="44" ec="53" bec="0" bev="0" fileid="4" />
                <SequencePoint vc="1" uspid="26" ordinal="12" offset="205" sl="45" sc="21" el="45" ec="27" bec="0" bev="0" fileid="4" />
                <SequencePoint vc="5" uspid="27" ordinal="13" offset="207" sl="48" sc="13" el="48" ec="20" bec="0" bev="0" fileid="4" />
                <SequencePoint vc="5" uspid="28" ordinal="14" offset="208" sl="48" sc="31" el="48" ec="49" bec="0" bev="0" fileid="4" />
                <SequencePoint vc="11" uspid="29" ordinal="15" offset="217" sl="48" sc="22" el="48" ec="27" bec="0" bev="0" fileid="4" />
                <SequencePoint vc="11" uspid="30" ordinal="16" offset="224" sl="49" sc="17" el="49" ec="43" bec="0" bev="0" fileid="4" />
                <SequencePoint vc="16" uspid="31" ordinal="17" offset="233" sl="48" sc="28" el="48" ec="30" bec="0" bev="0" fileid="4" />
                <SequencePoint vc="5" uspid="32" ordinal="18" offset="254" sl="50" sc="9" el="50" ec="10" bec="0" bev="0" fileid="4" />
              </SequencePoints>
              <BranchPoints>
                <BranchPoint vc="1" uspid="33" ordinal="0" offset="17" sl="25" path="0" offsetchain="38" offsetend="203" fileid="4" />
                <BranchPoint vc="1" uspid="34" ordinal="1" offset="17" sl="25" path="1" offsetend="123" fileid="4" />
                <BranchPoint vc="1" uspid="35" ordinal="2" offset="17" sl="25" path="2" offsetend="163" fileid="4" />
                <BranchPoint vc="1" uspid="36" ordinal="3" offset="17" sl="25" path="3" offsetend="83" fileid="4" />
                <BranchPoint vc="1" uspid="37" ordinal="4" offset="17" sl="25" path="4" offsetend="43" fileid="4" />
              </BranchPoints>
              <MethodPoint xsi:type="SequencePoint" vc="5" uspid="14" ordinal="0" offset="0" sl="22" sc="9" el="22" ec="10" bec="0" bev="0" fileid="4" />
            </Method>
            <Method visited="true" cyclomaticComplexity="10" nPathComplexity="128" sequenceCoverage="100" branchCoverage="100" isConstructor="false" isStatic="false" isGetter="false" isSetter="false">
              <Summary numSequencePoints="15" visitedSequencePoints="15" numBranchPoints="15" visitedBranchPoints="15" sequenceCoverage="100" branchCoverage="100" maxCyclomaticComplexity="10" minCyclomaticComplexity="10" visitedClasses="0" numClasses="0" visitedMethods="1" numMethods="1" />
              <MetadataToken>100663338</MetadataToken>
              <Name>System.Void ModelGenerator.Generator.PropertiesGenerator::CreateProperty(ModelGenerator.Model.Property,System.Text.StringBuilder)</Name>
              <FileRef uid="4" />
              <SequencePoints>
                <SequencePoint vc="35" uspid="48" ordinal="0" offset="0" sl="53" sc="9" el="53" ec="10" bec="0" bev="0" fileid="4" />
                <SequencePoint vc="35" uspid="49" ordinal="1" offset="1" sl="54" sc="13" el="54" ec="66" bec="2" bev="2" fileid="4" />
                <SequencePoint vc="3" uspid="50" ordinal="2" offset="25" sl="55" sc="17" el="55" ec="53" bec="0" bev="0" fileid="4" />
                <SequencePoint vc="35" uspid="51" ordinal="3" offset="37" sl="57" sc="13" el="57" ec="81" bec="4" bev="4" fileid="4" />
                <SequencePoint vc="2" uspid="52" ordinal="4" offset="66" sl="58" sc="17" el="58" ec="57" bec="0" bev="0" fileid="4" />
                <SequencePoint vc="35" uspid="53" ordinal="5" offset="78" sl="60" sc="13" el="60" ec="86" bec="4" bev="4" fileid="4" />
                <SequencePoint vc="4" uspid="54" ordinal="6" offset="104" sl="61" sc="17" el="61" ec="89" bec="0" bev="0" fileid="4" />
                <SequencePoint vc="35" uspid="55" ordinal="7" offset="136" sl="63" sc="13" el="63" ec="45" bec="2" bev="2" fileid="4" />
                <SequencePoint vc="5" uspid="56" ordinal="8" offset="146" sl="64" sc="13" el="64" ec="14" bec="0" bev="0" fileid="4" />
                <SequencePoint vc="5" uspid="57" ordinal="9" offset="147" sl="65" sc="17" el="65" ec="47" bec="2" bev="2" fileid="4" />
                <SequencePoint vc="1" uspid="58" ordinal="10" offset="162" sl="66" sc="21" el="66" ec="160" bec="0" bev="0" fileid="4" />
                <SequencePoint vc="4" uspid="59" ordinal="11" offset="214" sl="68" sc="21" el="68" ec="123" bec="0" bev="0" fileid="4" />
                <SequencePoint vc="5" uspid="60" ordinal="12" offset="255" sl="69" sc="13" el="69" ec="14" bec="0" bev="0" fileid="4" />
                <SequencePoint vc="30" uspid="61" ordinal="13" offset="258" sl="71" sc="17" el="71" ec="106" bec="0" bev="0" fileid="4" />
                <SequencePoint vc="35" uspid="62" ordinal="14" offset="299" sl="72" sc="9" el="72" ec="10" bec="0" bev="0" fileid="4" />
              </SequencePoints>
              <BranchPoints>
                <BranchPoint vc="3" uspid="65" ordinal="2" offset="23" sl="54" path="0" offsetend="25" fileid="4" />
                <BranchPoint vc="32" uspid="66" ordinal="3" offset="23" sl="54" path="1" offsetend="37" fileid="4" />
                <BranchPoint vc="2" uspid="69" ordinal="6" offset="51" sl="57" path="0" offsetend="53" fileid="4" />
                <BranchPoint vc="3" uspid="70" ordinal="7" offset="51" sl="57" path="1" offsetend="61" fileid="4" />
                <BranchPoint vc="2" uspid="71" ordinal="8" offset="64" sl="57" path="0" offsetend="66" fileid="4" />
                <BranchPoint vc="33" uspid="72" ordinal="9" offset="64" sl="57" path="1" offsetend="78" fileid="4" />
                <BranchPoint vc="4" uspid="73" ordinal="10" offset="89" sl="60" path="0" offsetend="91" fileid="4" />
                <BranchPoint vc="31" uspid="74" ordinal="11" offset="89" sl="60" path="1" offsetend="99" fileid="4" />
                <BranchPoint vc="4" uspid="75" ordinal="12" offset="102" sl="60" path="0" offsetend="104" fileid="4" />
                <BranchPoint vc="31" uspid="76" ordinal="13" offset="102" sl="60" path="1" offsetend="136" fileid="4" />
                <BranchPoint vc="5" uspid="77" ordinal="14" offset="144" sl="63" path="0" offsetend="146" fileid="4" />
                <BranchPoint vc="30" uspid="78" ordinal="15" offset="144" sl="63" path="1" offsetend="258" fileid="4" />
                <BranchPoint vc="1" uspid="79" ordinal="16" offset="160" sl="65" path="0" offsetend="162" fileid="4" />
                <BranchPoint vc="4" uspid="80" ordinal="17" offset="160" sl="65" path="1" offsetend="214" fileid="4" />
              </BranchPoints>
              <MethodPoint xsi:type="SequencePoint" vc="35" uspid="48" ordinal="0" offset="0" sl="53" sc="9" el="53" ec="10" bec="0" bev="0" fileid="4" />
            </Method>
          </Methods>
        </Class>
        <Class>
          <Summary numSequencePoints="4" visitedSequencePoints="4" numBranchPoints="4" visitedBranchPoints="4" sequenceCoverage="100" branchCoverage="100" maxCyclomaticComplexity="1" minCyclomaticComplexity="1" visitedClasses="1" numClasses="1" visitedMethods="4" numMethods="4" />
          <FullName>ModelGenerator.Generator.PropertiesGenerator/&lt;&gt;c</FullName>
          <Methods>
            <Method visited="true" cyclomaticComplexity="1" nPathComplexity="0" sequenceCoverage="0" branchCoverage="0" isConstructor="true" isStatic="true" isGetter="false" isSetter="false">
              <Summary numSequencePoints="0" visitedSequencePoints="0" numBranchPoints="0" visitedBranchPoints="0" sequenceCoverage="0" branchCoverage="0" maxCyclomaticComplexity="1" minCyclomaticComplexity="1" visitedClasses="0" numClasses="0" visitedMethods="0" numMethods="0" />
              <MetadataToken>100663339</MetadataToken>
              <Name>System.Void ModelGenerator.Generator.PropertiesGenerator/&lt;&gt;c::.cctor()</Name>
              <SequencePoints />
              <BranchPoints />
              <MethodPoint vc="1" uspid="81" ordinal="0" offset="0" />
            </Method>
            <Method visited="true" cyclomaticComplexity="1" nPathComplexity="0" sequenceCoverage="0" branchCoverage="0" isConstructor="true" isStatic="false" isGetter="false" isSetter="false">
              <Summary numSequencePoints="0" visitedSequencePoints="0" numBranchPoints="0" visitedBranchPoints="0" sequenceCoverage="0" branchCoverage="0" maxCyclomaticComplexity="1" minCyclomaticComplexity="1" visitedClasses="0" numClasses="0" visitedMethods="0" numMethods="0" />
              <MetadataToken>100663340</MetadataToken>
              <Name>System.Void ModelGenerator.Generator.PropertiesGenerator/&lt;&gt;c::.ctor()</Name>
              <SequencePoints />
              <BranchPoints />
              <MethodPoint vc="1" uspid="82" ordinal="0" offset="0" />
            </Method>
            <Method visited="true" cyclomaticComplexity="1" nPathComplexity="0" sequenceCoverage="100" branchCoverage="100" isConstructor="false" isStatic="false" isGetter="false" isSetter="false">
              <Summary numSequencePoints="1" visitedSequencePoints="1" numBranchPoints="1" visitedBranchPoints="1" sequenceCoverage="100" branchCoverage="100" maxCyclomaticComplexity="1" minCyclomaticComplexity="1" visitedClasses="0" numClasses="0" visitedMethods="1" numMethods="1" />
              <MetadataToken>100663341</MetadataToken>
              <Name>System.Boolean ModelGenerator.Generator.PropertiesGenerator/&lt;&gt;c::&lt;CreateProperties&gt;b__6_0(ModelGenerator.Model.Property)</Name>
              <FileRef uid="4" />
              <SequencePoints>
                <SequencePoint vc="6" uspid="83" ordinal="0" offset="0" sl="28" sc="64" el="28" ec="81" bec="0" bev="0" fileid="4" />
              </SequencePoints>
              <BranchPoints />
              <MethodPoint xsi:type="SequencePoint" vc="6" uspid="83" ordinal="0" offset="0" sl="28" sc="64" el="28" ec="81" bec="0" bev="0" fileid="4" />
            </Method>
            <Method visited="true" cyclomaticComplexity="1" nPathComplexity="0" sequenceCoverage="100" branchCoverage="100" isConstructor="false" isStatic="false" isGetter="false" isSetter="false">
              <Summary numSequencePoints="1" visitedSequencePoints="1" numBranchPoints="1" visitedBranchPoints="1" sequenceCoverage="100" branchCoverage="100" maxCyclomaticComplexity="1" minCyclomaticComplexity="1" visitedClasses="0" numClasses="0" visitedMethods="1" numMethods="1" />
              <MetadataToken>100663342</MetadataToken>
              <Name>System.Boolean ModelGenerator.Generator.PropertiesGenerator/&lt;&gt;c::&lt;CreateProperties&gt;b__6_1(ModelGenerator.Model.Property)</Name>
              <FileRef uid="4" />
              <SequencePoints>
                <SequencePoint vc="6" uspid="84" ordinal="0" offset="0" sl="32" sc="64" el="32" ec="82" bec="0" bev="0" fileid="4" />
              </SequencePoints>
              <BranchPoints />
              <MethodPoint xsi:type="SequencePoint" vc="6" uspid="84" ordinal="0" offset="0" sl="32" sc="64" el="32" ec="82" bec="0" bev="0" fileid="4" />
            </Method>
            <Method visited="true" cyclomaticComplexity="1" nPathComplexity="0" sequenceCoverage="100" branchCoverage="100" isConstructor="false" isStatic="false" isGetter="false" isSetter="false">
              <Summary numSequencePoints="1" visitedSequencePoints="1" numBranchPoints="1" visitedBranchPoints="1" sequenceCoverage="100" branchCoverage="100" maxCyclomaticComplexity="1" minCyclomaticComplexity="1" visitedClasses="0" numClasses="0" visitedMethods="1" numMethods="1" />
              <MetadataToken>100663343</MetadataToken>
              <Name>System.Boolean ModelGenerator.Generator.PropertiesGenerator/&lt;&gt;c::&lt;CreateProperties&gt;b__6_2(ModelGenerator.Model.Property)</Name>
              <FileRef uid="4" />
              <SequencePoints>
                <SequencePoint vc="6" uspid="85" ordinal="0" offset="0" sl="36" sc="64" el="36" ec="81" bec="0" bev="0" fileid="4" />
              </SequencePoints>
              <BranchPoints />
              <MethodPoint xsi:type="SequencePoint" vc="6" uspid="85" ordinal="0" offset="0" sl="36" sc="64" el="36" ec="81" bec="0" bev="0" fileid="4" />
            </Method>
            <Method visited="true" cyclomaticComplexity="1" nPathComplexity="0" sequenceCoverage="100" branchCoverage="100" isConstructor="false" isStatic="false" isGetter="false" isSetter="false">
              <Summary numSequencePoints="1" visitedSequencePoints="1" numBranchPoints="1" visitedBranchPoints="1" sequenceCoverage="100" branchCoverage="100" maxCyclomaticComplexity="1" minCyclomaticComplexity="1" visitedClasses="0" numClasses="0" visitedMethods="1" numMethods="1" />
              <MetadataToken>100663344</MetadataToken>
              <Name>System.Boolean ModelGenerator.Generator.PropertiesGenerator/&lt;&gt;c::&lt;CreateProperties&gt;b__6_3(ModelGenerator.Model.Property)</Name>
              <FileRef uid="4" />
              <SequencePoints>
                <SequencePoint vc="6" uspid="86" ordinal="0" offset="0" sl="40" sc="64" el="40" ec="81" bec="0" bev="0" fileid="4" />
              </SequencePoints>
              <BranchPoints />
              <MethodPoint xsi:type="SequencePoint" vc="6" uspid="86" ordinal="0" offset="0" sl="40" sc="64" el="40" ec="81" bec="0" bev="0" fileid="4" />
            </Method>
          </Methods>
        </Class>
      </Classes>
    </Module>
    <Module skippedDueTo="Filter" hash="B0-27-34-ED-41-E0-9C-53-37-4D-FB-B4-60-39-84-52-AC-FB-A6-85">
      <ModulePath>C:\WINDOWS\Microsoft.Net\assembly\GAC_MSIL\System.Collections\v4.0_4.0.0.0__b03f5f7f11d50a3a\System.Collections.dll</ModulePath>
      <ModuleTime>2016-07-16T11:43:57.3273959Z</ModuleTime>
      <ModuleName>System.Collections</ModuleName>
      <Classes />
    </Module>
    <Module skippedDueTo="Filter" hash="B2-11-5E-89-83-9D-0A-0D-23-E4-5D-74-82-C4-B6-C6-85-B6-93-AA">
      <ModulePath>C:\WINDOWS\Microsoft.Net\assembly\GAC_MSIL\System.Linq\v4.0_4.0.0.0__b03f5f7f11d50a3a\System.Linq.dll</ModulePath>
      <ModuleTime>2016-07-16T11:43:55.6555243Z</ModuleTime>
      <ModuleName>System.Linq</ModuleName>
      <Classes />
    </Module>
    <Module skippedDueTo="Filter" hash="91-E2-88-36-36-D1-AC-36-5F-02-43-5C-A8-63-44-33-52-26-C3-79">
      <ModulePath>C:\Users\Tony\Documents\Visual Studio 2015\Projects\ModelGenerator\ModelGenerator.Tests\bin\Debug\Ploeh.AutoFixture.dll</ModulePath>
      <ModuleTime>2016-08-31T17:28:04Z</ModuleTime>
      <ModuleName>Ploeh.AutoFixture</ModuleName>
      <Classes />
    </Module>
    <Module skippedDueTo="Filter" hash="88-45-F0-9C-3C-9F-72-79-CB-6A-82-FA-D7-DB-C3-4A-59-80-3C-6B">
      <ModulePath>C:\WINDOWS\Microsoft.Net\assembly\GAC_MSIL\System.Xml\v4.0_4.0.0.0__b77a5c561934e089\System.Xml.dll</ModulePath>
      <ModuleTime>2016-07-16T11:43:55.4992744Z</ModuleTime>
      <ModuleName>System.Xml</ModuleName>
      <Classes />
    </Module>
    <Module skippedDueTo="Filter" hash="81-F9-A4-31-55-19-9A-DB-99-FA-A6-05-D7-94-C5-A7-C8-BA-E2-18">
      <ModulePath>C:\Users\Tony\Documents\Visual Studio 2015\Projects\ModelGenerator\ModelGenerator.Tests\bin\Debug\FluentAssertions.dll</ModulePath>
      <ModuleTime>2017-02-04T19:23:34Z</ModuleTime>
      <ModuleName>FluentAssertions</ModuleName>
      <Classes />
    </Module>
    <Module skippedDueTo="Filter" hash="B4-BA-AC-FC-13-1B-6B-03-B7-18-FC-9D-B3-34-DF-31-00-B3-BA-8F">
      <ModulePath>C:\Users\Tony\Documents\Visual Studio 2015\Projects\ModelGenerator\ModelGenerator.Tests\bin\Debug\FluentAssertions.Core.dll</ModulePath>
      <ModuleTime>2017-02-04T19:23:34Z</ModuleTime>
      <ModuleName>FluentAssertions.Core</ModuleName>
      <Classes />
    </Module>
    <Module skippedDueTo="Filter" hash="34-A3-5D-67-8E-E7-DB-60-FE-97-F3-BD-D4-E7-40-6B-00-DA-51-C8">
      <ModulePath>C:\WINDOWS\Microsoft.Net\assembly\GAC_MSIL\System.Configuration\v4.0_4.0.0.0__b03f5f7f11d50a3a\System.Configuration.dll</ModulePath>
      <ModuleTime>2016-07-16T11:43:53.9992781Z</ModuleTime>
      <ModuleName>System.Configuration</ModuleName>
      <Classes />
    </Module>
    <Module skippedDueTo="Filter" hash="5C-3E-BF-20-25-C2-BE-00-73-7A-01-AB-8B-B5-84-96-4F-E2-36-2F">
      <ModulePath>C:\WINDOWS\Microsoft.Net\assembly\GAC_MSIL\System.ComponentModel.DataAnnotations\v4.0_4.0.0.0__31bf3856ad364e35\System.ComponentModel.DataAnnotations.dll</ModulePath>
      <ModuleTime>2016-07-16T11:43:57.2961462Z</ModuleTime>
      <ModuleName>System.ComponentModel.DataAnnotations</ModuleName>
      <Classes />
    </Module>
    <Module skippedDueTo="Filter" hash="DB-4F-79-C5-F7-0A-DD-F3-B9-AE-6B-6A-79-10-9E-A2-52-27-B3-CB">
      <ModulePath>C:\WINDOWS\Microsoft.Net\assembly\GAC_MSIL\System.Xml.XmlSerializer\v4.0_4.0.0.0__b03f5f7f11d50a3a\System.Xml.XmlSerializer.dll</ModulePath>
      <ModuleTime>2016-07-16T11:43:55.7023991Z</ModuleTime>
      <ModuleName>System.Xml.XmlSerializer</ModuleName>
      <Classes />
    </Module>
    <Module skippedDueTo="Filter" hash="">
      <ModulePath>RefEmit_InMemoryManifestModule</ModulePath>
      <ModuleTime>0001-01-01T00:00:00</ModuleTime>
      <ModuleName>Microsoft.GeneratedCode</ModuleName>
      <Classes />
    </Module>
  </Modules>
</CoverageSession>